2025-02-22 12:08:18.451  INFO 20384 --- [board_fc] [restartedMain] com.pcwk.ehr.RoadFcApplication           : Starting RoadFcApplication using Java 21.0.5 with PID 20384 (D:\JAP_20240909\04_SPRING\BOOT\workspace\board_fc\bin\main started by acorn4 in D:\JAP_20240909\04_SPRING\BOOT\workspace\board_fc)
2025-02-22 12:08:18.455  INFO 20384 --- [board_fc] [restartedMain] com.pcwk.ehr.RoadFcApplication           : No active profile set, falling back to 1 default profile: "default"
2025-02-22 12:08:18.489  INFO 20384 --- [board_fc] [restartedMain] o.s.b.devtools.restart.ChangeableUrls    : The Class-Path manifest attribute in C:\Users\acorn4\.gradle\caches\modules-2\files-2.1\com.oracle.database.jdbc\ojdbc8\23.2.0.0\49acfb33ee776e43d2085e2fcc838778202a9128\ojdbc8-23.2.0.0.jar referenced one or more files that do not exist: file:/C:/Users/acorn4/.gradle/caches/modules-2/files-2.1/com.oracle.database.jdbc/ojdbc8/23.2.0.0/49acfb33ee776e43d2085e2fcc838778202a9128/oraclepki.jar
2025-02-22 12:08:18.490  INFO 20384 --- [board_fc] [restartedMain] .e.DevToolsPropertyDefaultsPostProcessor : Devtools property defaults active! Set 'spring.devtools.add-properties' to 'false' to disable
2025-02-22 12:08:18.490  INFO 20384 --- [board_fc] [restartedMain] .e.DevToolsPropertyDefaultsPostProcessor : For additional web related logging consider setting the 'logging.level.web' property to 'DEBUG'
2025-02-22 12:08:18.924  INFO 20384 --- [board_fc] [restartedMain] .s.d.r.c.RepositoryConfigurationDelegate : Bootstrapping Spring Data JDBC repositories in DEFAULT mode.
2025-02-22 12:08:18.937  INFO 20384 --- [board_fc] [restartedMain] .s.d.r.c.RepositoryConfigurationDelegate : Finished Spring Data repository scanning in 8 ms. Found 0 JDBC repository interfaces.
2025-02-22 12:08:19.240  INFO 20384 --- [board_fc] [restartedMain] o.s.b.w.embedded.tomcat.TomcatWebServer  : Tomcat initialized with port 8080 (http)
2025-02-22 12:08:19.250  INFO 20384 --- [board_fc] [restartedMain] o.apache.catalina.core.StandardService   : Starting service [Tomcat]
2025-02-22 12:08:19.250  INFO 20384 --- [board_fc] [restartedMain] o.apache.catalina.core.StandardEngine    : Starting Servlet engine: [Apache Tomcat/10.1.34]
2025-02-22 12:08:19.345  INFO 20384 --- [board_fc] [restartedMain] org.apache.jasper.servlet.TldScanner     : At least one JAR was scanned for TLDs yet contained no TLDs. Enable debug logging for this logger for a complete list of JARs that were scanned but no TLDs were found in them. Skipping unneeded JARs during scanning can improve startup time and JSP compilation time.
2025-02-22 12:08:19.348  INFO 20384 --- [board_fc] [restartedMain] o.a.c.c.C.[Tomcat].[localhost].[/]       : Initializing Spring embedded WebApplicationContext
2025-02-22 12:08:19.348  INFO 20384 --- [board_fc] [restartedMain] w.s.c.ServletWebServerApplicationContext : Root WebApplicationContext: initialization completed in 857 ms
2025-02-22 12:08:19.373  INFO 20384 --- [board_fc] [restartedMain] c.pcwk.ehr.controller.BoardController    : ┌───────────────────────────────────────┐
2025-02-22 12:08:19.373  INFO 20384 --- [board_fc] [restartedMain] c.pcwk.ehr.controller.BoardController    : │ **BoardController()**                 │
2025-02-22 12:08:19.373  INFO 20384 --- [board_fc] [restartedMain] c.pcwk.ehr.controller.BoardController    : └───────────────────────────────────────┘
2025-02-22 12:08:19.376  INFO 20384 --- [board_fc] [restartedMain] com.pcwk.ehr.service.BoardServiceImpl    : ┌───────────────────────────────────────┐
2025-02-22 12:08:19.376  INFO 20384 --- [board_fc] [restartedMain] com.pcwk.ehr.service.BoardServiceImpl    : │ **BoardServiceImpl()**                │
2025-02-22 12:08:19.376  INFO 20384 --- [board_fc] [restartedMain] com.pcwk.ehr.service.BoardServiceImpl    : └───────────────────────────────────────┘
2025-02-22 12:08:19.564  INFO 20384 --- [board_fc] [restartedMain] com.pcwk.ehr.controller.TimeController   : ┌────────────────────────┐
2025-02-22 12:08:19.564  INFO 20384 --- [board_fc] [restartedMain] com.pcwk.ehr.controller.TimeController   : │ TimeController()       │
2025-02-22 12:08:19.564  INFO 20384 --- [board_fc] [restartedMain] com.pcwk.ehr.controller.TimeController   : └────────────────────────┘
2025-02-22 12:08:19.565  INFO 20384 --- [board_fc] [restartedMain] com.pcwk.ehr.service.TimeServiceImpl     : ┌────────────────────────┐
2025-02-22 12:08:19.565  INFO 20384 --- [board_fc] [restartedMain] com.pcwk.ehr.service.TimeServiceImpl     : │ TimeServiceImpl()      │
2025-02-22 12:08:19.565  INFO 20384 --- [board_fc] [restartedMain] com.pcwk.ehr.service.TimeServiceImpl     : └────────────────────────┘
2025-02-22 12:08:19.569  INFO 20384 --- [board_fc] [restartedMain] c.p.ehr.user.controller.UserController   : ┌───────────────────────────────────────┐
2025-02-22 12:08:19.569  INFO 20384 --- [board_fc] [restartedMain] c.p.ehr.user.controller.UserController   : │ **UserController()**                  │
2025-02-22 12:08:19.569  INFO 20384 --- [board_fc] [restartedMain] c.p.ehr.user.controller.UserController   : └───────────────────────────────────────┘
2025-02-22 12:08:19.570  INFO 20384 --- [board_fc] [restartedMain] c.p.ehr.user.service.UserServiceImple    : ┌───────────────────────────────────────┐
2025-02-22 12:08:19.570  INFO 20384 --- [board_fc] [restartedMain] c.p.ehr.user.service.UserServiceImple    : │ **UserServiceImple()**                │
2025-02-22 12:08:19.570  INFO 20384 --- [board_fc] [restartedMain] c.p.ehr.user.service.UserServiceImple    : └───────────────────────────────────────┘
2025-02-22 12:08:19.604  INFO 20384 --- [board_fc] [restartedMain] o.s.b.a.w.s.WelcomePageHandlerMapping    : Adding welcome page template: index
2025-02-22 12:08:19.751  INFO 20384 --- [board_fc] [restartedMain] com.zaxxer.hikari.HikariDataSource       : HikariPool-1 - Starting...
2025-02-22 12:08:20.010  INFO 20384 --- [board_fc] [restartedMain] com.zaxxer.hikari.pool.HikariPool        : HikariPool-1 - Added connection oracle.jdbc.driver.T4CConnection@6aa08cb
2025-02-22 12:08:20.011  INFO 20384 --- [board_fc] [restartedMain] com.zaxxer.hikari.HikariDataSource       : HikariPool-1 - Start completed.
2025-02-22 12:08:20.120  INFO 20384 --- [board_fc] [restartedMain] o.s.b.d.a.OptionalLiveReloadServer       : LiveReload server is running on port 35729
2025-02-22 12:08:20.136  INFO 20384 --- [board_fc] [restartedMain] o.a.c.c.C.[Tomcat].[localhost].[/]       : Initializing Spring DispatcherServlet 'dispatcherServlet'
2025-02-22 12:08:20.136  INFO 20384 --- [board_fc] [restartedMain] o.s.web.servlet.DispatcherServlet        : Initializing Servlet 'dispatcherServlet'
2025-02-22 12:08:20.136  INFO 20384 --- [board_fc] [restartedMain] o.s.web.servlet.DispatcherServlet        : Completed initialization in 0 ms
2025-02-22 12:08:20.141  INFO 20384 --- [board_fc] [restartedMain] o.s.b.w.embedded.tomcat.TomcatWebServer  : Tomcat started on port 8080 (http) with context path '/'
2025-02-22 12:08:20.146  INFO 20384 --- [board_fc] [restartedMain] com.pcwk.ehr.RoadFcApplication           : Started RoadFcApplication in 1.93 seconds (process running for 2.354)
2025-02-22 12:09:15.032  INFO 20384 --- [board_fc] [http-nio-8080-exec-2] c.p.ehr.user.controller.UserController   : ┌───────────────────────────────────────┐
2025-02-22 12:09:15.032  INFO 20384 --- [board_fc] [http-nio-8080-exec-2] c.p.ehr.user.controller.UserController   : │ **doSelectOne()**                     │
2025-02-22 12:09:15.032  INFO 20384 --- [board_fc] [http-nio-8080-exec-2] c.p.ehr.user.controller.UserController   : └───────────────────────────────────────┘
2025-02-22 12:09:15.033  INFO 20384 --- [board_fc] [http-nio-8080-exec-2] c.p.ehr.user.controller.UserController   : paran userId:
2025-02-22 12:09:15.035 ERROR 20384 --- [board_fc] [http-nio-8080-exec-2] o.a.c.c.C.[.[.[/].[dispatcherServlet]    : Servlet.service() for servlet [dispatcherServlet] in context with path [] threw exception [Request processing failed: com.pcwk.ehr.cmn.DataNotFoundException: userId를 확인 하세요.] with root cause

com.pcwk.ehr.cmn.DataNotFoundException: userId를 확인 하세요.
	at com.pcwk.ehr.user.controller.UserController.doSelectOne(UserController.java:73) ~[main/:na]
	at java.base/jdk.internal.reflect.DirectMethodHandleAccessor.invoke(DirectMethodHandleAccessor.java:103) ~[na:na]
	at java.base/java.lang.reflect.Method.invoke(Method.java:580) ~[na:na]
	at org.springframework.web.method.support.InvocableHandlerMethod.doInvoke(InvocableHandlerMethod.java:257) ~[spring-web-6.2.2.jar:6.2.2]
	at org.springframework.web.method.support.InvocableHandlerMethod.invokeForRequest(InvocableHandlerMethod.java:190) ~[spring-web-6.2.2.jar:6.2.2]
	at org.springframework.web.servlet.mvc.method.annotation.ServletInvocableHandlerMethod.invokeAndHandle(ServletInvocableHandlerMethod.java:118) ~[spring-webmvc-6.2.2.jar:6.2.2]
	at org.springframework.web.servlet.mvc.method.annotation.RequestMappingHandlerAdapter.invokeHandlerMethod(RequestMappingHandlerAdapter.java:986) ~[spring-webmvc-6.2.2.jar:6.2.2]
	at org.springframework.web.servlet.mvc.method.annotation.RequestMappingHandlerAdapter.handleInternal(RequestMappingHandlerAdapter.java:891) ~[spring-webmvc-6.2.2.jar:6.2.2]
	at org.springframework.web.servlet.mvc.method.AbstractHandlerMethodAdapter.handle(AbstractHandlerMethodAdapter.java:87) ~[spring-webmvc-6.2.2.jar:6.2.2]
	at org.springframework.web.servlet.DispatcherServlet.doDispatch(DispatcherServlet.java:1088) ~[spring-webmvc-6.2.2.jar:6.2.2]
	at org.springframework.web.servlet.DispatcherServlet.doService(DispatcherServlet.java:978) ~[spring-webmvc-6.2.2.jar:6.2.2]
	at org.springframework.web.servlet.FrameworkServlet.processRequest(FrameworkServlet.java:1014) ~[spring-webmvc-6.2.2.jar:6.2.2]
	at org.springframework.web.servlet.FrameworkServlet.doGet(FrameworkServlet.java:903) ~[spring-webmvc-6.2.2.jar:6.2.2]
	at jakarta.servlet.http.HttpServlet.service(HttpServlet.java:564) ~[tomcat-embed-core-10.1.34.jar:6.0]
	at org.springframework.web.servlet.FrameworkServlet.service(FrameworkServlet.java:885) ~[spring-webmvc-6.2.2.jar:6.2.2]
	at jakarta.servlet.http.HttpServlet.service(HttpServlet.java:658) ~[tomcat-embed-core-10.1.34.jar:6.0]
	at org.apache.catalina.core.ApplicationFilterChain.internalDoFilter(ApplicationFilterChain.java:195) ~[tomcat-embed-core-10.1.34.jar:10.1.34]
	at org.apache.catalina.core.ApplicationFilterChain.doFilter(ApplicationFilterChain.java:140) ~[tomcat-embed-core-10.1.34.jar:10.1.34]
	at org.apache.tomcat.websocket.server.WsFilter.doFilter(WsFilter.java:51) ~[tomcat-embed-websocket-10.1.34.jar:10.1.34]
	at org.apache.catalina.core.ApplicationFilterChain.internalDoFilter(ApplicationFilterChain.java:164) ~[tomcat-embed-core-10.1.34.jar:10.1.34]
	at org.apache.catalina.core.ApplicationFilterChain.doFilter(ApplicationFilterChain.java:140) ~[tomcat-embed-core-10.1.34.jar:10.1.34]
	at org.springframework.web.filter.RequestContextFilter.doFilterInternal(RequestContextFilter.java:100) ~[spring-web-6.2.2.jar:6.2.2]
	at org.springframework.web.filter.OncePerRequestFilter.doFilter(OncePerRequestFilter.java:116) ~[spring-web-6.2.2.jar:6.2.2]
	at org.apache.catalina.core.ApplicationFilterChain.internalDoFilter(ApplicationFilterChain.java:164) ~[tomcat-embed-core-10.1.34.jar:10.1.34]
	at org.apache.catalina.core.ApplicationFilterChain.doFilter(ApplicationFilterChain.java:140) ~[tomcat-embed-core-10.1.34.jar:10.1.34]
	at org.springframework.web.filter.FormContentFilter.doFilterInternal(FormContentFilter.java:93) ~[spring-web-6.2.2.jar:6.2.2]
	at org.springframework.web.filter.OncePerRequestFilter.doFilter(OncePerRequestFilter.java:116) ~[spring-web-6.2.2.jar:6.2.2]
	at org.apache.catalina.core.ApplicationFilterChain.internalDoFilter(ApplicationFilterChain.java:164) ~[tomcat-embed-core-10.1.34.jar:10.1.34]
	at org.apache.catalina.core.ApplicationFilterChain.doFilter(ApplicationFilterChain.java:140) ~[tomcat-embed-core-10.1.34.jar:10.1.34]
	at org.springframework.web.filter.CharacterEncodingFilter.doFilterInternal(CharacterEncodingFilter.java:201) ~[spring-web-6.2.2.jar:6.2.2]
	at org.springframework.web.filter.OncePerRequestFilter.doFilter(OncePerRequestFilter.java:116) ~[spring-web-6.2.2.jar:6.2.2]
	at org.apache.catalina.core.ApplicationFilterChain.internalDoFilter(ApplicationFilterChain.java:164) ~[tomcat-embed-core-10.1.34.jar:10.1.34]
	at org.apache.catalina.core.ApplicationFilterChain.doFilter(ApplicationFilterChain.java:140) ~[tomcat-embed-core-10.1.34.jar:10.1.34]
	at org.apache.catalina.core.StandardWrapperValve.invoke(StandardWrapperValve.java:167) ~[tomcat-embed-core-10.1.34.jar:10.1.34]
	at org.apache.catalina.core.StandardContextValve.invoke(StandardContextValve.java:90) ~[tomcat-embed-core-10.1.34.jar:10.1.34]
	at org.apache.catalina.authenticator.AuthenticatorBase.invoke(AuthenticatorBase.java:483) ~[tomcat-embed-core-10.1.34.jar:10.1.34]
	at org.apache.catalina.core.StandardHostValve.invoke(StandardHostValve.java:115) ~[tomcat-embed-core-10.1.34.jar:10.1.34]
	at org.apache.catalina.valves.ErrorReportValve.invoke(ErrorReportValve.java:93) ~[tomcat-embed-core-10.1.34.jar:10.1.34]
	at org.apache.catalina.core.StandardEngineValve.invoke(StandardEngineValve.java:74) ~[tomcat-embed-core-10.1.34.jar:10.1.34]
	at org.apache.catalina.connector.CoyoteAdapter.service(CoyoteAdapter.java:344) ~[tomcat-embed-core-10.1.34.jar:10.1.34]
	at org.apache.coyote.http11.Http11Processor.service(Http11Processor.java:397) ~[tomcat-embed-core-10.1.34.jar:10.1.34]
	at org.apache.coyote.AbstractProcessorLight.process(AbstractProcessorLight.java:63) ~[tomcat-embed-core-10.1.34.jar:10.1.34]
	at org.apache.coyote.AbstractProtocol$ConnectionHandler.process(AbstractProtocol.java:905) ~[tomcat-embed-core-10.1.34.jar:10.1.34]
	at org.apache.tomcat.util.net.NioEndpoint$SocketProcessor.doRun(NioEndpoint.java:1741) ~[tomcat-embed-core-10.1.34.jar:10.1.34]
	at org.apache.tomcat.util.net.SocketProcessorBase.run(SocketProcessorBase.java:52) ~[tomcat-embed-core-10.1.34.jar:10.1.34]
	at org.apache.tomcat.util.threads.ThreadPoolExecutor.runWorker(ThreadPoolExecutor.java:1190) ~[tomcat-embed-core-10.1.34.jar:10.1.34]
	at org.apache.tomcat.util.threads.ThreadPoolExecutor$Worker.run(ThreadPoolExecutor.java:659) ~[tomcat-embed-core-10.1.34.jar:10.1.34]
	at org.apache.tomcat.util.threads.TaskThread$WrappingRunnable.run(TaskThread.java:63) ~[tomcat-embed-core-10.1.34.jar:10.1.34]
	at java.base/java.lang.Thread.run(Thread.java:1583) ~[na:na]

2025-02-22 17:24:03.341  INFO 20384 --- [board_fc] [RMI TCP Connection(325)-127.0.0.1] inMXBeanRegistrar$SpringApplicationAdmin : Application shutdown requested.
2025-02-22 17:24:03.349  INFO 20384 --- [board_fc] [RMI TCP Connection(325)-127.0.0.1] o.s.b.w.e.tomcat.GracefulShutdown        : Commencing graceful shutdown. Waiting for active requests to complete
2025-02-22 17:24:03.360  INFO 20384 --- [board_fc] [tomcat-shutdown] o.s.b.w.e.tomcat.GracefulShutdown        : Graceful shutdown complete
2025-02-22 17:24:03.365  INFO 20384 --- [board_fc] [RMI TCP Connection(325)-127.0.0.1] com.zaxxer.hikari.HikariDataSource       : HikariPool-1 - Shutdown initiated...
2025-02-22 17:24:03.396  INFO 20384 --- [board_fc] [RMI TCP Connection(325)-127.0.0.1] com.zaxxer.hikari.HikariDataSource       : HikariPool-1 - Shutdown completed.
2025-02-22 17:24:07.636  INFO 6420 --- [board_fc] [restartedMain] com.pcwk.ehr.RoadFcApplication           : Starting RoadFcApplication using Java 21.0.5 with PID 6420 (D:\JAP_20240909\04_SPRING\BOOT\workspace\board_fc\bin\main started by acorn4 in D:\JAP_20240909\04_SPRING\BOOT\workspace\board_fc)
2025-02-22 17:24:07.637  INFO 6420 --- [board_fc] [restartedMain] com.pcwk.ehr.RoadFcApplication           : No active profile set, falling back to 1 default profile: "default"
2025-02-22 17:24:07.664  INFO 6420 --- [board_fc] [restartedMain] o.s.b.devtools.restart.ChangeableUrls    : The Class-Path manifest attribute in C:\Users\acorn4\.gradle\caches\modules-2\files-2.1\com.oracle.database.jdbc\ojdbc8\23.2.0.0\49acfb33ee776e43d2085e2fcc838778202a9128\ojdbc8-23.2.0.0.jar referenced one or more files that do not exist: file:/C:/Users/acorn4/.gradle/caches/modules-2/files-2.1/com.oracle.database.jdbc/ojdbc8/23.2.0.0/49acfb33ee776e43d2085e2fcc838778202a9128/oraclepki.jar
2025-02-22 17:24:07.664  INFO 6420 --- [board_fc] [restartedMain] .e.DevToolsPropertyDefaultsPostProcessor : Devtools property defaults active! Set 'spring.devtools.add-properties' to 'false' to disable
2025-02-22 17:24:07.664  INFO 6420 --- [board_fc] [restartedMain] .e.DevToolsPropertyDefaultsPostProcessor : For additional web related logging consider setting the 'logging.level.web' property to 'DEBUG'
2025-02-22 17:24:08.130  INFO 6420 --- [board_fc] [restartedMain] .s.d.r.c.RepositoryConfigurationDelegate : Bootstrapping Spring Data JDBC repositories in DEFAULT mode.
2025-02-22 17:24:08.139  INFO 6420 --- [board_fc] [restartedMain] .s.d.r.c.RepositoryConfigurationDelegate : Finished Spring Data repository scanning in 6 ms. Found 0 JDBC repository interfaces.
2025-02-22 17:24:08.453  INFO 6420 --- [board_fc] [restartedMain] o.s.b.w.embedded.tomcat.TomcatWebServer  : Tomcat initialized with port 8080 (http)
2025-02-22 17:24:08.461  INFO 6420 --- [board_fc] [restartedMain] o.apache.catalina.core.StandardService   : Starting service [Tomcat]
2025-02-22 17:24:08.461  INFO 6420 --- [board_fc] [restartedMain] o.apache.catalina.core.StandardEngine    : Starting Servlet engine: [Apache Tomcat/10.1.34]
2025-02-22 17:24:08.569  INFO 6420 --- [board_fc] [restartedMain] org.apache.jasper.servlet.TldScanner     : At least one JAR was scanned for TLDs yet contained no TLDs. Enable debug logging for this logger for a complete list of JARs that were scanned but no TLDs were found in them. Skipping unneeded JARs during scanning can improve startup time and JSP compilation time.
2025-02-22 17:24:08.574  INFO 6420 --- [board_fc] [restartedMain] o.a.c.c.C.[Tomcat].[localhost].[/]       : Initializing Spring embedded WebApplicationContext
2025-02-22 17:24:08.575  INFO 6420 --- [board_fc] [restartedMain] w.s.c.ServletWebServerApplicationContext : Root WebApplicationContext: initialization completed in 910 ms
2025-02-22 17:24:08.605  INFO 6420 --- [board_fc] [restartedMain] c.pcwk.ehr.controller.BoardController    : ┌───────────────────────────────────────┐
2025-02-22 17:24:08.605  INFO 6420 --- [board_fc] [restartedMain] c.pcwk.ehr.controller.BoardController    : │ **BoardController()**                 │
2025-02-22 17:24:08.605  INFO 6420 --- [board_fc] [restartedMain] c.pcwk.ehr.controller.BoardController    : └───────────────────────────────────────┘
2025-02-22 17:24:08.607  INFO 6420 --- [board_fc] [restartedMain] com.pcwk.ehr.service.BoardServiceImpl    : ┌───────────────────────────────────────┐
2025-02-22 17:24:08.608  INFO 6420 --- [board_fc] [restartedMain] com.pcwk.ehr.service.BoardServiceImpl    : │ **BoardServiceImpl()**                │
2025-02-22 17:24:08.608  INFO 6420 --- [board_fc] [restartedMain] com.pcwk.ehr.service.BoardServiceImpl    : └───────────────────────────────────────┘
2025-02-22 17:24:08.778  INFO 6420 --- [board_fc] [restartedMain] com.pcwk.ehr.controller.TimeController   : ┌────────────────────────┐
2025-02-22 17:24:08.778  INFO 6420 --- [board_fc] [restartedMain] com.pcwk.ehr.controller.TimeController   : │ TimeController()       │
2025-02-22 17:24:08.778  INFO 6420 --- [board_fc] [restartedMain] com.pcwk.ehr.controller.TimeController   : └────────────────────────┘
2025-02-22 17:24:08.779  INFO 6420 --- [board_fc] [restartedMain] com.pcwk.ehr.service.TimeServiceImpl     : ┌────────────────────────┐
2025-02-22 17:24:08.779  INFO 6420 --- [board_fc] [restartedMain] com.pcwk.ehr.service.TimeServiceImpl     : │ TimeServiceImpl()      │
2025-02-22 17:24:08.779  INFO 6420 --- [board_fc] [restartedMain] com.pcwk.ehr.service.TimeServiceImpl     : └────────────────────────┘
2025-02-22 17:24:08.783  INFO 6420 --- [board_fc] [restartedMain] c.p.ehr.user.controller.UserController   : ┌───────────────────────────────────────┐
2025-02-22 17:24:08.783  INFO 6420 --- [board_fc] [restartedMain] c.p.ehr.user.controller.UserController   : │ **UserController()**                  │
2025-02-22 17:24:08.783  INFO 6420 --- [board_fc] [restartedMain] c.p.ehr.user.controller.UserController   : └───────────────────────────────────────┘
2025-02-22 17:24:08.784  INFO 6420 --- [board_fc] [restartedMain] c.p.ehr.user.service.UserServiceImple    : ┌───────────────────────────────────────┐
2025-02-22 17:24:08.784  INFO 6420 --- [board_fc] [restartedMain] c.p.ehr.user.service.UserServiceImple    : │ **UserServiceImple()**                │
2025-02-22 17:24:08.784  INFO 6420 --- [board_fc] [restartedMain] c.p.ehr.user.service.UserServiceImple    : └───────────────────────────────────────┘
2025-02-22 17:24:08.817  INFO 6420 --- [board_fc] [restartedMain] o.s.b.a.w.s.WelcomePageHandlerMapping    : Adding welcome page template: index
2025-02-22 17:24:08.978  INFO 6420 --- [board_fc] [restartedMain] com.zaxxer.hikari.HikariDataSource       : HikariPool-1 - Starting...
2025-02-22 17:24:09.249  INFO 6420 --- [board_fc] [restartedMain] com.zaxxer.hikari.pool.HikariPool        : HikariPool-1 - Added connection oracle.jdbc.driver.T4CConnection@410ae5b0
2025-02-22 17:24:09.250  INFO 6420 --- [board_fc] [restartedMain] com.zaxxer.hikari.HikariDataSource       : HikariPool-1 - Start completed.
2025-02-22 17:24:09.348  INFO 6420 --- [board_fc] [restartedMain] o.s.b.d.a.OptionalLiveReloadServer       : LiveReload server is running on port 35729
2025-02-22 17:24:09.367  INFO 6420 --- [board_fc] [restartedMain] o.a.c.c.C.[Tomcat].[localhost].[/]       : Initializing Spring DispatcherServlet 'dispatcherServlet'
2025-02-22 17:24:09.367  INFO 6420 --- [board_fc] [restartedMain] o.s.web.servlet.DispatcherServlet        : Initializing Servlet 'dispatcherServlet'
2025-02-22 17:24:09.368  INFO 6420 --- [board_fc] [restartedMain] o.s.web.servlet.DispatcherServlet        : Completed initialization in 1 ms
2025-02-22 17:24:09.373  INFO 6420 --- [board_fc] [restartedMain] o.s.b.w.embedded.tomcat.TomcatWebServer  : Tomcat started on port 8080 (http) with context path '/'
2025-02-22 17:24:09.379  INFO 6420 --- [board_fc] [restartedMain] com.pcwk.ehr.RoadFcApplication           : Started RoadFcApplication in 1.971 seconds (process running for 4.583)
2025-02-22 17:26:00.082  INFO 6420 --- [board_fc] [http-nio-8080-exec-2] c.p.ehr.user.controller.UserController   : ┌───────────────────────────────────────┐
2025-02-22 17:26:00.082  INFO 6420 --- [board_fc] [http-nio-8080-exec-2] c.p.ehr.user.controller.UserController   : │ **doSave()**                          │
2025-02-22 17:26:00.083  INFO 6420 --- [board_fc] [http-nio-8080-exec-2] c.p.ehr.user.controller.UserController   : └───────────────────────────────────────┘
2025-02-22 17:26:00.086  INFO 6420 --- [board_fc] [http-nio-8080-exec-2] c.p.ehr.user.controller.UserController   : paran:UserVO [email=test01@gmail.com, userId=james19, password=1234, regDate=null, modDate=null, name=가나다라, nickname=도토리맨, address=경기 성남시 분당구 대왕판교로606번길 45, phone=01077518541]
2025-02-22 17:26:00.086  INFO 6420 --- [board_fc] [http-nio-8080-exec-2] c.p.ehr.user.service.UserServiceImple    : ┌───────────────────────────────────────┐
2025-02-22 17:26:00.086  INFO 6420 --- [board_fc] [http-nio-8080-exec-2] c.p.ehr.user.service.UserServiceImple    : │ **doSave()**                          │
2025-02-22 17:26:00.087  INFO 6420 --- [board_fc] [http-nio-8080-exec-2] c.p.ehr.user.service.UserServiceImple    : └───────────────────────────────────────┘
2025-02-22 17:26:00.210  INFO 6420 --- [board_fc] [http-nio-8080-exec-2] c.p.ehr.user.controller.UserController   : jsonString:{"messageId":1,"message":"사용자가 등록 되었습니다.","no":0,"totalCnt":0,"pageSize":0,"pageNo":0}
2025-02-22 17:28:38.149  WARN 6420 --- [board_fc] [http-nio-8080-exec-5] .w.s.m.s.DefaultHandlerExceptionResolver : Resolved [org.springframework.web.HttpRequestMethodNotSupportedException: Request method 'GET' is not supported]
2025-02-22 17:31:46.363  INFO 6420 --- [board_fc] [RMI TCP Connection(18)-127.0.0.1] inMXBeanRegistrar$SpringApplicationAdmin : Application shutdown requested.
2025-02-22 17:31:46.365  INFO 6420 --- [board_fc] [RMI TCP Connection(18)-127.0.0.1] o.s.b.w.e.tomcat.GracefulShutdown        : Commencing graceful shutdown. Waiting for active requests to complete
2025-02-22 17:31:46.376  INFO 6420 --- [board_fc] [tomcat-shutdown] o.s.b.w.e.tomcat.GracefulShutdown        : Graceful shutdown complete
2025-02-22 17:31:46.379  INFO 6420 --- [board_fc] [RMI TCP Connection(18)-127.0.0.1] com.zaxxer.hikari.HikariDataSource       : HikariPool-1 - Shutdown initiated...
2025-02-22 17:31:46.411  INFO 6420 --- [board_fc] [RMI TCP Connection(18)-127.0.0.1] com.zaxxer.hikari.HikariDataSource       : HikariPool-1 - Shutdown completed.
2025-02-22 17:31:47.522  INFO 14204 --- [board_fc] [restartedMain] com.pcwk.ehr.RoadFcApplication           : Starting RoadFcApplication using Java 21.0.5 with PID 14204 (D:\JAP_20240909\04_SPRING\BOOT\workspace\board_fc\bin\main started by acorn4 in D:\JAP_20240909\04_SPRING\BOOT\workspace\board_fc)
2025-02-22 17:31:47.524  INFO 14204 --- [board_fc] [restartedMain] com.pcwk.ehr.RoadFcApplication           : No active profile set, falling back to 1 default profile: "default"
2025-02-22 17:31:47.556  INFO 14204 --- [board_fc] [restartedMain] o.s.b.devtools.restart.ChangeableUrls    : The Class-Path manifest attribute in C:\Users\acorn4\.gradle\caches\modules-2\files-2.1\com.oracle.database.jdbc\ojdbc8\23.2.0.0\49acfb33ee776e43d2085e2fcc838778202a9128\ojdbc8-23.2.0.0.jar referenced one or more files that do not exist: file:/C:/Users/acorn4/.gradle/caches/modules-2/files-2.1/com.oracle.database.jdbc/ojdbc8/23.2.0.0/49acfb33ee776e43d2085e2fcc838778202a9128/oraclepki.jar
2025-02-22 17:31:47.556  INFO 14204 --- [board_fc] [restartedMain] .e.DevToolsPropertyDefaultsPostProcessor : Devtools property defaults active! Set 'spring.devtools.add-properties' to 'false' to disable
2025-02-22 17:31:47.556  INFO 14204 --- [board_fc] [restartedMain] .e.DevToolsPropertyDefaultsPostProcessor : For additional web related logging consider setting the 'logging.level.web' property to 'DEBUG'
2025-02-22 17:31:47.895  INFO 14204 --- [board_fc] [restartedMain] .s.d.r.c.RepositoryConfigurationDelegate : Bootstrapping Spring Data JDBC repositories in DEFAULT mode.
2025-02-22 17:31:47.903  INFO 14204 --- [board_fc] [restartedMain] .s.d.r.c.RepositoryConfigurationDelegate : Finished Spring Data repository scanning in 5 ms. Found 0 JDBC repository interfaces.
2025-02-22 17:31:48.202  INFO 14204 --- [board_fc] [restartedMain] o.s.b.w.embedded.tomcat.TomcatWebServer  : Tomcat initialized with port 8080 (http)
2025-02-22 17:31:48.211  INFO 14204 --- [board_fc] [restartedMain] o.apache.catalina.core.StandardService   : Starting service [Tomcat]
2025-02-22 17:31:48.211  INFO 14204 --- [board_fc] [restartedMain] o.apache.catalina.core.StandardEngine    : Starting Servlet engine: [Apache Tomcat/10.1.34]
2025-02-22 17:31:48.314  INFO 14204 --- [board_fc] [restartedMain] org.apache.jasper.servlet.TldScanner     : At least one JAR was scanned for TLDs yet contained no TLDs. Enable debug logging for this logger for a complete list of JARs that were scanned but no TLDs were found in them. Skipping unneeded JARs during scanning can improve startup time and JSP compilation time.
2025-02-22 17:31:48.317  INFO 14204 --- [board_fc] [restartedMain] o.a.c.c.C.[Tomcat].[localhost].[/]       : Initializing Spring embedded WebApplicationContext
2025-02-22 17:31:48.318  INFO 14204 --- [board_fc] [restartedMain] w.s.c.ServletWebServerApplicationContext : Root WebApplicationContext: initialization completed in 762 ms
2025-02-22 17:31:48.353  INFO 14204 --- [board_fc] [restartedMain] c.pcwk.ehr.controller.BoardController    : ┌───────────────────────────────────────┐
2025-02-22 17:31:48.353  INFO 14204 --- [board_fc] [restartedMain] c.pcwk.ehr.controller.BoardController    : │ **BoardController()**                 │
2025-02-22 17:31:48.353  INFO 14204 --- [board_fc] [restartedMain] c.pcwk.ehr.controller.BoardController    : └───────────────────────────────────────┘
2025-02-22 17:31:48.355  INFO 14204 --- [board_fc] [restartedMain] com.pcwk.ehr.service.BoardServiceImpl    : ┌───────────────────────────────────────┐
2025-02-22 17:31:48.356  INFO 14204 --- [board_fc] [restartedMain] com.pcwk.ehr.service.BoardServiceImpl    : │ **BoardServiceImpl()**                │
2025-02-22 17:31:48.356  INFO 14204 --- [board_fc] [restartedMain] com.pcwk.ehr.service.BoardServiceImpl    : └───────────────────────────────────────┘
2025-02-22 17:31:48.525  INFO 14204 --- [board_fc] [restartedMain] com.pcwk.ehr.controller.TimeController   : ┌────────────────────────┐
2025-02-22 17:31:48.525  INFO 14204 --- [board_fc] [restartedMain] com.pcwk.ehr.controller.TimeController   : │ TimeController()       │
2025-02-22 17:31:48.525  INFO 14204 --- [board_fc] [restartedMain] com.pcwk.ehr.controller.TimeController   : └────────────────────────┘
2025-02-22 17:31:48.526  INFO 14204 --- [board_fc] [restartedMain] com.pcwk.ehr.service.TimeServiceImpl     : ┌────────────────────────┐
2025-02-22 17:31:48.526  INFO 14204 --- [board_fc] [restartedMain] com.pcwk.ehr.service.TimeServiceImpl     : │ TimeServiceImpl()      │
2025-02-22 17:31:48.526  INFO 14204 --- [board_fc] [restartedMain] com.pcwk.ehr.service.TimeServiceImpl     : └────────────────────────┘
2025-02-22 17:31:48.530  INFO 14204 --- [board_fc] [restartedMain] c.p.ehr.user.controller.UserController   : ┌───────────────────────────────────────┐
2025-02-22 17:31:48.531  INFO 14204 --- [board_fc] [restartedMain] c.p.ehr.user.controller.UserController   : │ **UserController()**                  │
2025-02-22 17:31:48.531  INFO 14204 --- [board_fc] [restartedMain] c.p.ehr.user.controller.UserController   : └───────────────────────────────────────┘
2025-02-22 17:31:48.531  INFO 14204 --- [board_fc] [restartedMain] c.p.ehr.user.service.UserServiceImple    : ┌───────────────────────────────────────┐
2025-02-22 17:31:48.531  INFO 14204 --- [board_fc] [restartedMain] c.p.ehr.user.service.UserServiceImple    : │ **UserServiceImple()**                │
2025-02-22 17:31:48.531  INFO 14204 --- [board_fc] [restartedMain] c.p.ehr.user.service.UserServiceImple    : └───────────────────────────────────────┘
2025-02-22 17:31:48.570  INFO 14204 --- [board_fc] [restartedMain] o.s.b.a.w.s.WelcomePageHandlerMapping    : Adding welcome page template: index
2025-02-22 17:31:48.718  INFO 14204 --- [board_fc] [restartedMain] com.zaxxer.hikari.HikariDataSource       : HikariPool-1 - Starting...
2025-02-22 17:31:48.971  INFO 14204 --- [board_fc] [restartedMain] com.zaxxer.hikari.pool.HikariPool        : HikariPool-1 - Added connection oracle.jdbc.driver.T4CConnection@439ed349
2025-02-22 17:31:48.973  INFO 14204 --- [board_fc] [restartedMain] com.zaxxer.hikari.HikariDataSource       : HikariPool-1 - Start completed.
2025-02-22 17:31:49.078  INFO 14204 --- [board_fc] [restartedMain] o.s.b.d.a.OptionalLiveReloadServer       : LiveReload server is running on port 35729
2025-02-22 17:31:49.096  INFO 14204 --- [board_fc] [restartedMain] o.a.c.c.C.[Tomcat].[localhost].[/]       : Initializing Spring DispatcherServlet 'dispatcherServlet'
2025-02-22 17:31:49.096  INFO 14204 --- [board_fc] [restartedMain] o.s.web.servlet.DispatcherServlet        : Initializing Servlet 'dispatcherServlet'
2025-02-22 17:31:49.097  INFO 14204 --- [board_fc] [restartedMain] o.s.web.servlet.DispatcherServlet        : Completed initialization in 1 ms
2025-02-22 17:31:49.102  INFO 14204 --- [board_fc] [restartedMain] o.s.b.w.embedded.tomcat.TomcatWebServer  : Tomcat started on port 8080 (http) with context path '/'
2025-02-22 17:31:49.108  INFO 14204 --- [board_fc] [restartedMain] com.pcwk.ehr.RoadFcApplication           : Started RoadFcApplication in 1.817 seconds (process running for 2.201)
2025-02-22 17:32:00.009  WARN 14204 --- [board_fc] [http-nio-8080-exec-1] .w.s.m.s.DefaultHandlerExceptionResolver : Resolved [org.springframework.web.HttpRequestMethodNotSupportedException: Request method 'GET' is not supported]
2025-02-22 17:32:04.516  WARN 14204 --- [board_fc] [http-nio-8080-exec-2] .w.s.m.s.DefaultHandlerExceptionResolver : Resolved [org.springframework.web.HttpRequestMethodNotSupportedException: Request method 'GET' is not supported]
2025-02-22 17:36:19.074  INFO 14204 --- [board_fc] [RMI TCP Connection(15)-127.0.0.1] inMXBeanRegistrar$SpringApplicationAdmin : Application shutdown requested.
2025-02-22 17:36:19.076  INFO 14204 --- [board_fc] [RMI TCP Connection(15)-127.0.0.1] o.s.b.w.e.tomcat.GracefulShutdown        : Commencing graceful shutdown. Waiting for active requests to complete
2025-02-22 17:36:19.086  INFO 14204 --- [board_fc] [tomcat-shutdown] o.s.b.w.e.tomcat.GracefulShutdown        : Graceful shutdown complete
2025-02-22 17:36:19.091  INFO 14204 --- [board_fc] [RMI TCP Connection(15)-127.0.0.1] com.zaxxer.hikari.HikariDataSource       : HikariPool-1 - Shutdown initiated...
2025-02-22 17:36:19.124  INFO 14204 --- [board_fc] [RMI TCP Connection(15)-127.0.0.1] com.zaxxer.hikari.HikariDataSource       : HikariPool-1 - Shutdown completed.
2025-02-22 17:36:20.285  INFO 14612 --- [board_fc] [restartedMain] com.pcwk.ehr.RoadFcApplication           : Starting RoadFcApplication using Java 21.0.5 with PID 14612 (D:\JAP_20240909\04_SPRING\BOOT\workspace\board_fc\bin\main started by acorn4 in D:\JAP_20240909\04_SPRING\BOOT\workspace\board_fc)
2025-02-22 17:36:20.286  INFO 14612 --- [board_fc] [restartedMain] com.pcwk.ehr.RoadFcApplication           : No active profile set, falling back to 1 default profile: "default"
2025-02-22 17:36:20.318  INFO 14612 --- [board_fc] [restartedMain] o.s.b.devtools.restart.ChangeableUrls    : The Class-Path manifest attribute in C:\Users\acorn4\.gradle\caches\modules-2\files-2.1\com.oracle.database.jdbc\ojdbc8\23.2.0.0\49acfb33ee776e43d2085e2fcc838778202a9128\ojdbc8-23.2.0.0.jar referenced one or more files that do not exist: file:/C:/Users/acorn4/.gradle/caches/modules-2/files-2.1/com.oracle.database.jdbc/ojdbc8/23.2.0.0/49acfb33ee776e43d2085e2fcc838778202a9128/oraclepki.jar
2025-02-22 17:36:20.318  INFO 14612 --- [board_fc] [restartedMain] .e.DevToolsPropertyDefaultsPostProcessor : Devtools property defaults active! Set 'spring.devtools.add-properties' to 'false' to disable
2025-02-22 17:36:20.318  INFO 14612 --- [board_fc] [restartedMain] .e.DevToolsPropertyDefaultsPostProcessor : For additional web related logging consider setting the 'logging.level.web' property to 'DEBUG'
2025-02-22 17:36:20.693  INFO 14612 --- [board_fc] [restartedMain] .s.d.r.c.RepositoryConfigurationDelegate : Bootstrapping Spring Data JDBC repositories in DEFAULT mode.
2025-02-22 17:36:20.705  INFO 14612 --- [board_fc] [restartedMain] .s.d.r.c.RepositoryConfigurationDelegate : Finished Spring Data repository scanning in 8 ms. Found 0 JDBC repository interfaces.
2025-02-22 17:36:21.019  INFO 14612 --- [board_fc] [restartedMain] o.s.b.w.embedded.tomcat.TomcatWebServer  : Tomcat initialized with port 8080 (http)
2025-02-22 17:36:21.029  INFO 14612 --- [board_fc] [restartedMain] o.apache.catalina.core.StandardService   : Starting service [Tomcat]
2025-02-22 17:36:21.030  INFO 14612 --- [board_fc] [restartedMain] o.apache.catalina.core.StandardEngine    : Starting Servlet engine: [Apache Tomcat/10.1.34]
2025-02-22 17:36:21.147  INFO 14612 --- [board_fc] [restartedMain] org.apache.jasper.servlet.TldScanner     : At least one JAR was scanned for TLDs yet contained no TLDs. Enable debug logging for this logger for a complete list of JARs that were scanned but no TLDs were found in them. Skipping unneeded JARs during scanning can improve startup time and JSP compilation time.
2025-02-22 17:36:21.151  INFO 14612 --- [board_fc] [restartedMain] o.a.c.c.C.[Tomcat].[localhost].[/]       : Initializing Spring embedded WebApplicationContext
2025-02-22 17:36:21.151  INFO 14612 --- [board_fc] [restartedMain] w.s.c.ServletWebServerApplicationContext : Root WebApplicationContext: initialization completed in 832 ms
2025-02-22 17:36:21.188  INFO 14612 --- [board_fc] [restartedMain] c.pcwk.ehr.controller.BoardController    : ┌───────────────────────────────────────┐
2025-02-22 17:36:21.188  INFO 14612 --- [board_fc] [restartedMain] c.pcwk.ehr.controller.BoardController    : │ **BoardController()**                 │
2025-02-22 17:36:21.188  INFO 14612 --- [board_fc] [restartedMain] c.pcwk.ehr.controller.BoardController    : └───────────────────────────────────────┘
2025-02-22 17:36:21.191  INFO 14612 --- [board_fc] [restartedMain] com.pcwk.ehr.service.BoardServiceImpl    : ┌───────────────────────────────────────┐
2025-02-22 17:36:21.191  INFO 14612 --- [board_fc] [restartedMain] com.pcwk.ehr.service.BoardServiceImpl    : │ **BoardServiceImpl()**                │
2025-02-22 17:36:21.192  INFO 14612 --- [board_fc] [restartedMain] com.pcwk.ehr.service.BoardServiceImpl    : └───────────────────────────────────────┘
2025-02-22 17:36:21.372  INFO 14612 --- [board_fc] [restartedMain] com.pcwk.ehr.controller.TimeController   : ┌────────────────────────┐
2025-02-22 17:36:21.373  INFO 14612 --- [board_fc] [restartedMain] com.pcwk.ehr.controller.TimeController   : │ TimeController()       │
2025-02-22 17:36:21.373  INFO 14612 --- [board_fc] [restartedMain] com.pcwk.ehr.controller.TimeController   : └────────────────────────┘
2025-02-22 17:36:21.374  INFO 14612 --- [board_fc] [restartedMain] com.pcwk.ehr.service.TimeServiceImpl     : ┌────────────────────────┐
2025-02-22 17:36:21.374  INFO 14612 --- [board_fc] [restartedMain] com.pcwk.ehr.service.TimeServiceImpl     : │ TimeServiceImpl()      │
2025-02-22 17:36:21.374  INFO 14612 --- [board_fc] [restartedMain] com.pcwk.ehr.service.TimeServiceImpl     : └────────────────────────┘
2025-02-22 17:36:21.381  INFO 14612 --- [board_fc] [restartedMain] c.p.ehr.user.controller.UserController   : ┌───────────────────────────────────────┐
2025-02-22 17:36:21.381  INFO 14612 --- [board_fc] [restartedMain] c.p.ehr.user.controller.UserController   : │ **UserController()**                  │
2025-02-22 17:36:21.381  INFO 14612 --- [board_fc] [restartedMain] c.p.ehr.user.controller.UserController   : └───────────────────────────────────────┘
2025-02-22 17:36:21.381  INFO 14612 --- [board_fc] [restartedMain] c.p.ehr.user.service.UserServiceImple    : ┌───────────────────────────────────────┐
2025-02-22 17:36:21.381  INFO 14612 --- [board_fc] [restartedMain] c.p.ehr.user.service.UserServiceImple    : │ **UserServiceImple()**                │
2025-02-22 17:36:21.382  INFO 14612 --- [board_fc] [restartedMain] c.p.ehr.user.service.UserServiceImple    : └───────────────────────────────────────┘
2025-02-22 17:36:21.426  INFO 14612 --- [board_fc] [restartedMain] o.s.b.a.w.s.WelcomePageHandlerMapping    : Adding welcome page template: index
2025-02-22 17:36:21.597  INFO 14612 --- [board_fc] [restartedMain] com.zaxxer.hikari.HikariDataSource       : HikariPool-1 - Starting...
2025-02-22 17:36:21.841  INFO 14612 --- [board_fc] [restartedMain] com.zaxxer.hikari.pool.HikariPool        : HikariPool-1 - Added connection oracle.jdbc.driver.T4CConnection@59d790f3
2025-02-22 17:36:21.842  INFO 14612 --- [board_fc] [restartedMain] com.zaxxer.hikari.HikariDataSource       : HikariPool-1 - Start completed.
2025-02-22 17:36:21.948  INFO 14612 --- [board_fc] [restartedMain] o.s.b.d.a.OptionalLiveReloadServer       : LiveReload server is running on port 35729
2025-02-22 17:36:21.970  INFO 14612 --- [board_fc] [restartedMain] o.a.c.c.C.[Tomcat].[localhost].[/]       : Initializing Spring DispatcherServlet 'dispatcherServlet'
2025-02-22 17:36:21.970  INFO 14612 --- [board_fc] [restartedMain] o.s.web.servlet.DispatcherServlet        : Initializing Servlet 'dispatcherServlet'
2025-02-22 17:36:21.971  INFO 14612 --- [board_fc] [restartedMain] o.s.web.servlet.DispatcherServlet        : Completed initialization in 0 ms
2025-02-22 17:36:21.975  INFO 14612 --- [board_fc] [restartedMain] o.s.b.w.embedded.tomcat.TomcatWebServer  : Tomcat started on port 8080 (http) with context path '/'
2025-02-22 17:36:21.981  INFO 14612 --- [board_fc] [restartedMain] com.pcwk.ehr.RoadFcApplication           : Started RoadFcApplication in 1.925 seconds (process running for 2.326)
2025-02-22 17:36:26.843  WARN 14612 --- [board_fc] [http-nio-8080-exec-1] .w.s.m.s.DefaultHandlerExceptionResolver : Resolved [org.springframework.web.HttpRequestMethodNotSupportedException: Request method 'GET' is not supported]
2025-02-22 17:36:28.015  WARN 14612 --- [board_fc] [http-nio-8080-exec-2] .w.s.m.s.DefaultHandlerExceptionResolver : Resolved [org.springframework.web.HttpRequestMethodNotSupportedException: Request method 'GET' is not supported]
2025-02-22 17:39:14.856  INFO 14612 --- [board_fc] [RMI TCP Connection(11)-127.0.0.1] inMXBeanRegistrar$SpringApplicationAdmin : Application shutdown requested.
2025-02-22 17:39:14.858  INFO 14612 --- [board_fc] [RMI TCP Connection(11)-127.0.0.1] o.s.b.w.e.tomcat.GracefulShutdown        : Commencing graceful shutdown. Waiting for active requests to complete
2025-02-22 17:39:14.869  INFO 14612 --- [board_fc] [tomcat-shutdown] o.s.b.w.e.tomcat.GracefulShutdown        : Graceful shutdown complete
2025-02-22 17:39:14.874  INFO 14612 --- [board_fc] [RMI TCP Connection(11)-127.0.0.1] com.zaxxer.hikari.HikariDataSource       : HikariPool-1 - Shutdown initiated...
2025-02-22 17:39:14.907  INFO 14612 --- [board_fc] [RMI TCP Connection(11)-127.0.0.1] com.zaxxer.hikari.HikariDataSource       : HikariPool-1 - Shutdown completed.
2025-02-22 17:39:16.061  INFO 20168 --- [board_fc] [restartedMain] com.pcwk.ehr.RoadFcApplication           : Starting RoadFcApplication using Java 21.0.5 with PID 20168 (D:\JAP_20240909\04_SPRING\BOOT\workspace\board_fc\bin\main started by acorn4 in D:\JAP_20240909\04_SPRING\BOOT\workspace\board_fc)
2025-02-22 17:39:16.063  INFO 20168 --- [board_fc] [restartedMain] com.pcwk.ehr.RoadFcApplication           : No active profile set, falling back to 1 default profile: "default"
2025-02-22 17:39:16.094  INFO 20168 --- [board_fc] [restartedMain] o.s.b.devtools.restart.ChangeableUrls    : The Class-Path manifest attribute in C:\Users\acorn4\.gradle\caches\modules-2\files-2.1\com.oracle.database.jdbc\ojdbc8\23.2.0.0\49acfb33ee776e43d2085e2fcc838778202a9128\ojdbc8-23.2.0.0.jar referenced one or more files that do not exist: file:/C:/Users/acorn4/.gradle/caches/modules-2/files-2.1/com.oracle.database.jdbc/ojdbc8/23.2.0.0/49acfb33ee776e43d2085e2fcc838778202a9128/oraclepki.jar
2025-02-22 17:39:16.094  INFO 20168 --- [board_fc] [restartedMain] .e.DevToolsPropertyDefaultsPostProcessor : Devtools property defaults active! Set 'spring.devtools.add-properties' to 'false' to disable
2025-02-22 17:39:16.094  INFO 20168 --- [board_fc] [restartedMain] .e.DevToolsPropertyDefaultsPostProcessor : For additional web related logging consider setting the 'logging.level.web' property to 'DEBUG'
2025-02-22 17:39:16.456  INFO 20168 --- [board_fc] [restartedMain] .s.d.r.c.RepositoryConfigurationDelegate : Bootstrapping Spring Data JDBC repositories in DEFAULT mode.
2025-02-22 17:39:16.467  INFO 20168 --- [board_fc] [restartedMain] .s.d.r.c.RepositoryConfigurationDelegate : Finished Spring Data repository scanning in 6 ms. Found 0 JDBC repository interfaces.
2025-02-22 17:39:16.788  INFO 20168 --- [board_fc] [restartedMain] o.s.b.w.embedded.tomcat.TomcatWebServer  : Tomcat initialized with port 8080 (http)
2025-02-22 17:39:16.798  INFO 20168 --- [board_fc] [restartedMain] o.apache.catalina.core.StandardService   : Starting service [Tomcat]
2025-02-22 17:39:16.798  INFO 20168 --- [board_fc] [restartedMain] o.apache.catalina.core.StandardEngine    : Starting Servlet engine: [Apache Tomcat/10.1.34]
2025-02-22 17:39:16.916  INFO 20168 --- [board_fc] [restartedMain] org.apache.jasper.servlet.TldScanner     : At least one JAR was scanned for TLDs yet contained no TLDs. Enable debug logging for this logger for a complete list of JARs that were scanned but no TLDs were found in them. Skipping unneeded JARs during scanning can improve startup time and JSP compilation time.
2025-02-22 17:39:16.920  INFO 20168 --- [board_fc] [restartedMain] o.a.c.c.C.[Tomcat].[localhost].[/]       : Initializing Spring embedded WebApplicationContext
2025-02-22 17:39:16.921  INFO 20168 --- [board_fc] [restartedMain] w.s.c.ServletWebServerApplicationContext : Root WebApplicationContext: initialization completed in 827 ms
2025-02-22 17:39:16.959  INFO 20168 --- [board_fc] [restartedMain] c.pcwk.ehr.controller.BoardController    : ┌───────────────────────────────────────┐
2025-02-22 17:39:16.960  INFO 20168 --- [board_fc] [restartedMain] c.pcwk.ehr.controller.BoardController    : │ **BoardController()**                 │
2025-02-22 17:39:16.960  INFO 20168 --- [board_fc] [restartedMain] c.pcwk.ehr.controller.BoardController    : └───────────────────────────────────────┘
2025-02-22 17:39:16.962  INFO 20168 --- [board_fc] [restartedMain] com.pcwk.ehr.service.BoardServiceImpl    : ┌───────────────────────────────────────┐
2025-02-22 17:39:16.963  INFO 20168 --- [board_fc] [restartedMain] com.pcwk.ehr.service.BoardServiceImpl    : │ **BoardServiceImpl()**                │
2025-02-22 17:39:16.963  INFO 20168 --- [board_fc] [restartedMain] com.pcwk.ehr.service.BoardServiceImpl    : └───────────────────────────────────────┘
2025-02-22 17:39:17.135  INFO 20168 --- [board_fc] [restartedMain] com.pcwk.ehr.controller.TimeController   : ┌────────────────────────┐
2025-02-22 17:39:17.135  INFO 20168 --- [board_fc] [restartedMain] com.pcwk.ehr.controller.TimeController   : │ TimeController()       │
2025-02-22 17:39:17.135  INFO 20168 --- [board_fc] [restartedMain] com.pcwk.ehr.controller.TimeController   : └────────────────────────┘
2025-02-22 17:39:17.136  INFO 20168 --- [board_fc] [restartedMain] com.pcwk.ehr.service.TimeServiceImpl     : ┌────────────────────────┐
2025-02-22 17:39:17.136  INFO 20168 --- [board_fc] [restartedMain] com.pcwk.ehr.service.TimeServiceImpl     : │ TimeServiceImpl()      │
2025-02-22 17:39:17.136  INFO 20168 --- [board_fc] [restartedMain] com.pcwk.ehr.service.TimeServiceImpl     : └────────────────────────┘
2025-02-22 17:39:17.140  INFO 20168 --- [board_fc] [restartedMain] c.p.ehr.user.controller.UserController   : ┌───────────────────────────────────────┐
2025-02-22 17:39:17.140  INFO 20168 --- [board_fc] [restartedMain] c.p.ehr.user.controller.UserController   : │ **UserController()**                  │
2025-02-22 17:39:17.142  INFO 20168 --- [board_fc] [restartedMain] c.p.ehr.user.controller.UserController   : └───────────────────────────────────────┘
2025-02-22 17:39:17.142  INFO 20168 --- [board_fc] [restartedMain] c.p.ehr.user.service.UserServiceImple    : ┌───────────────────────────────────────┐
2025-02-22 17:39:17.142  INFO 20168 --- [board_fc] [restartedMain] c.p.ehr.user.service.UserServiceImple    : │ **UserServiceImple()**                │
2025-02-22 17:39:17.142  INFO 20168 --- [board_fc] [restartedMain] c.p.ehr.user.service.UserServiceImple    : └───────────────────────────────────────┘
2025-02-22 17:39:17.179  INFO 20168 --- [board_fc] [restartedMain] o.s.b.a.w.s.WelcomePageHandlerMapping    : Adding welcome page template: index
2025-02-22 17:39:17.340  INFO 20168 --- [board_fc] [restartedMain] com.zaxxer.hikari.HikariDataSource       : HikariPool-1 - Starting...
2025-02-22 17:39:17.572  INFO 20168 --- [board_fc] [restartedMain] com.zaxxer.hikari.pool.HikariPool        : HikariPool-1 - Added connection oracle.jdbc.driver.T4CConnection@584d25f3
2025-02-22 17:39:17.574  INFO 20168 --- [board_fc] [restartedMain] com.zaxxer.hikari.HikariDataSource       : HikariPool-1 - Start completed.
2025-02-22 17:39:17.673  INFO 20168 --- [board_fc] [restartedMain] o.s.b.d.a.OptionalLiveReloadServer       : LiveReload server is running on port 35729
2025-02-22 17:39:17.692  INFO 20168 --- [board_fc] [restartedMain] o.a.c.c.C.[Tomcat].[localhost].[/]       : Initializing Spring DispatcherServlet 'dispatcherServlet'
2025-02-22 17:39:17.692  INFO 20168 --- [board_fc] [restartedMain] o.s.web.servlet.DispatcherServlet        : Initializing Servlet 'dispatcherServlet'
2025-02-22 17:39:17.693  INFO 20168 --- [board_fc] [restartedMain] o.s.web.servlet.DispatcherServlet        : Completed initialization in 1 ms
2025-02-22 17:39:17.697  INFO 20168 --- [board_fc] [restartedMain] o.s.b.w.embedded.tomcat.TomcatWebServer  : Tomcat started on port 8080 (http) with context path '/'
2025-02-22 17:39:17.704  INFO 20168 --- [board_fc] [restartedMain] com.pcwk.ehr.RoadFcApplication           : Started RoadFcApplication in 1.892 seconds (process running for 2.323)
2025-02-22 17:39:22.875 ERROR 20168 --- [board_fc] [http-nio-8080-exec-1] o.a.c.c.C.[.[.[/].[dispatcherServlet]    : Servlet.service() for servlet [dispatcherServlet] in context with path [] threw exception [Request processing failed: java.lang.IllegalStateException: No primary or single unique constructor found for interface javax.servlet.http.HttpSession] with root cause

java.lang.IllegalStateException: No primary or single unique constructor found for interface javax.servlet.http.HttpSession
	at org.springframework.beans.BeanUtils.getResolvableConstructor(BeanUtils.java:267) ~[spring-beans-6.2.2.jar:6.2.2]
	at org.springframework.validation.DataBinder.createObject(DataBinder.java:930) ~[spring-context-6.2.2.jar:6.2.2]
	at org.springframework.validation.DataBinder.construct(DataBinder.java:909) ~[spring-context-6.2.2.jar:6.2.2]
	at org.springframework.web.bind.ServletRequestDataBinder.construct(ServletRequestDataBinder.java:116) ~[spring-web-6.2.2.jar:6.2.2]
	at org.springframework.web.servlet.mvc.method.annotation.ServletModelAttributeMethodProcessor.constructAttribute(ServletModelAttributeMethodProcessor.java:157) ~[spring-webmvc-6.2.2.jar:6.2.2]
	at org.springframework.web.method.annotation.ModelAttributeMethodProcessor.resolveArgument(ModelAttributeMethodProcessor.java:148) ~[spring-web-6.2.2.jar:6.2.2]
	at org.springframework.web.method.support.HandlerMethodArgumentResolverComposite.resolveArgument(HandlerMethodArgumentResolverComposite.java:122) ~[spring-web-6.2.2.jar:6.2.2]
	at org.springframework.web.method.support.InvocableHandlerMethod.getMethodArgumentValues(InvocableHandlerMethod.java:226) ~[spring-web-6.2.2.jar:6.2.2]
	at org.springframework.web.method.support.InvocableHandlerMethod.invokeForRequest(InvocableHandlerMethod.java:180) ~[spring-web-6.2.2.jar:6.2.2]
	at org.springframework.web.servlet.mvc.method.annotation.ServletInvocableHandlerMethod.invokeAndHandle(ServletInvocableHandlerMethod.java:118) ~[spring-webmvc-6.2.2.jar:6.2.2]
	at org.springframework.web.servlet.mvc.method.annotation.RequestMappingHandlerAdapter.invokeHandlerMethod(RequestMappingHandlerAdapter.java:986) ~[spring-webmvc-6.2.2.jar:6.2.2]
	at org.springframework.web.servlet.mvc.method.annotation.RequestMappingHandlerAdapter.handleInternal(RequestMappingHandlerAdapter.java:891) ~[spring-webmvc-6.2.2.jar:6.2.2]
	at org.springframework.web.servlet.mvc.method.AbstractHandlerMethodAdapter.handle(AbstractHandlerMethodAdapter.java:87) ~[spring-webmvc-6.2.2.jar:6.2.2]
	at org.springframework.web.servlet.DispatcherServlet.doDispatch(DispatcherServlet.java:1088) ~[spring-webmvc-6.2.2.jar:6.2.2]
	at org.springframework.web.servlet.DispatcherServlet.doService(DispatcherServlet.java:978) ~[spring-webmvc-6.2.2.jar:6.2.2]
	at org.springframework.web.servlet.FrameworkServlet.processRequest(FrameworkServlet.java:1014) ~[spring-webmvc-6.2.2.jar:6.2.2]
	at org.springframework.web.servlet.FrameworkServlet.doGet(FrameworkServlet.java:903) ~[spring-webmvc-6.2.2.jar:6.2.2]
	at jakarta.servlet.http.HttpServlet.service(HttpServlet.java:564) ~[tomcat-embed-core-10.1.34.jar:6.0]
	at org.springframework.web.servlet.FrameworkServlet.service(FrameworkServlet.java:885) ~[spring-webmvc-6.2.2.jar:6.2.2]
	at jakarta.servlet.http.HttpServlet.service(HttpServlet.java:658) ~[tomcat-embed-core-10.1.34.jar:6.0]
	at org.apache.catalina.core.ApplicationFilterChain.internalDoFilter(ApplicationFilterChain.java:195) ~[tomcat-embed-core-10.1.34.jar:10.1.34]
	at org.apache.catalina.core.ApplicationFilterChain.doFilter(ApplicationFilterChain.java:140) ~[tomcat-embed-core-10.1.34.jar:10.1.34]
	at org.apache.tomcat.websocket.server.WsFilter.doFilter(WsFilter.java:51) ~[tomcat-embed-websocket-10.1.34.jar:10.1.34]
	at org.apache.catalina.core.ApplicationFilterChain.internalDoFilter(ApplicationFilterChain.java:164) ~[tomcat-embed-core-10.1.34.jar:10.1.34]
	at org.apache.catalina.core.ApplicationFilterChain.doFilter(ApplicationFilterChain.java:140) ~[tomcat-embed-core-10.1.34.jar:10.1.34]
	at org.springframework.web.filter.RequestContextFilter.doFilterInternal(RequestContextFilter.java:100) ~[spring-web-6.2.2.jar:6.2.2]
	at org.springframework.web.filter.OncePerRequestFilter.doFilter(OncePerRequestFilter.java:116) ~[spring-web-6.2.2.jar:6.2.2]
	at org.apache.catalina.core.ApplicationFilterChain.internalDoFilter(ApplicationFilterChain.java:164) ~[tomcat-embed-core-10.1.34.jar:10.1.34]
	at org.apache.catalina.core.ApplicationFilterChain.doFilter(ApplicationFilterChain.java:140) ~[tomcat-embed-core-10.1.34.jar:10.1.34]
	at org.springframework.web.filter.FormContentFilter.doFilterInternal(FormContentFilter.java:93) ~[spring-web-6.2.2.jar:6.2.2]
	at org.springframework.web.filter.OncePerRequestFilter.doFilter(OncePerRequestFilter.java:116) ~[spring-web-6.2.2.jar:6.2.2]
	at org.apache.catalina.core.ApplicationFilterChain.internalDoFilter(ApplicationFilterChain.java:164) ~[tomcat-embed-core-10.1.34.jar:10.1.34]
	at org.apache.catalina.core.ApplicationFilterChain.doFilter(ApplicationFilterChain.java:140) ~[tomcat-embed-core-10.1.34.jar:10.1.34]
	at org.springframework.web.filter.CharacterEncodingFilter.doFilterInternal(CharacterEncodingFilter.java:201) ~[spring-web-6.2.2.jar:6.2.2]
	at org.springframework.web.filter.OncePerRequestFilter.doFilter(OncePerRequestFilter.java:116) ~[spring-web-6.2.2.jar:6.2.2]
	at org.apache.catalina.core.ApplicationFilterChain.internalDoFilter(ApplicationFilterChain.java:164) ~[tomcat-embed-core-10.1.34.jar:10.1.34]
	at org.apache.catalina.core.ApplicationFilterChain.doFilter(ApplicationFilterChain.java:140) ~[tomcat-embed-core-10.1.34.jar:10.1.34]
	at org.apache.catalina.core.StandardWrapperValve.invoke(StandardWrapperValve.java:167) ~[tomcat-embed-core-10.1.34.jar:10.1.34]
	at org.apache.catalina.core.StandardContextValve.invoke(StandardContextValve.java:90) ~[tomcat-embed-core-10.1.34.jar:10.1.34]
	at org.apache.catalina.authenticator.AuthenticatorBase.invoke(AuthenticatorBase.java:483) ~[tomcat-embed-core-10.1.34.jar:10.1.34]
	at org.apache.catalina.core.StandardHostValve.invoke(StandardHostValve.java:115) ~[tomcat-embed-core-10.1.34.jar:10.1.34]
	at org.apache.catalina.valves.ErrorReportValve.invoke(ErrorReportValve.java:93) ~[tomcat-embed-core-10.1.34.jar:10.1.34]
	at org.apache.catalina.core.StandardEngineValve.invoke(StandardEngineValve.java:74) ~[tomcat-embed-core-10.1.34.jar:10.1.34]
	at org.apache.catalina.connector.CoyoteAdapter.service(CoyoteAdapter.java:344) ~[tomcat-embed-core-10.1.34.jar:10.1.34]
	at org.apache.coyote.http11.Http11Processor.service(Http11Processor.java:397) ~[tomcat-embed-core-10.1.34.jar:10.1.34]
	at org.apache.coyote.AbstractProcessorLight.process(AbstractProcessorLight.java:63) ~[tomcat-embed-core-10.1.34.jar:10.1.34]
	at org.apache.coyote.AbstractProtocol$ConnectionHandler.process(AbstractProtocol.java:905) ~[tomcat-embed-core-10.1.34.jar:10.1.34]
	at org.apache.tomcat.util.net.NioEndpoint$SocketProcessor.doRun(NioEndpoint.java:1741) ~[tomcat-embed-core-10.1.34.jar:10.1.34]
	at org.apache.tomcat.util.net.SocketProcessorBase.run(SocketProcessorBase.java:52) ~[tomcat-embed-core-10.1.34.jar:10.1.34]
	at org.apache.tomcat.util.threads.ThreadPoolExecutor.runWorker(ThreadPoolExecutor.java:1190) ~[tomcat-embed-core-10.1.34.jar:10.1.34]
	at org.apache.tomcat.util.threads.ThreadPoolExecutor$Worker.run(ThreadPoolExecutor.java:659) ~[tomcat-embed-core-10.1.34.jar:10.1.34]
	at org.apache.tomcat.util.threads.TaskThread$WrappingRunnable.run(TaskThread.java:63) ~[tomcat-embed-core-10.1.34.jar:10.1.34]
	at java.base/java.lang.Thread.run(Thread.java:1583) ~[na:na]

2025-02-22 17:40:37.898  INFO 20168 --- [board_fc] [RMI TCP Connection(11)-127.0.0.1] inMXBeanRegistrar$SpringApplicationAdmin : Application shutdown requested.
2025-02-22 17:40:37.900  INFO 20168 --- [board_fc] [RMI TCP Connection(11)-127.0.0.1] o.s.b.w.e.tomcat.GracefulShutdown        : Commencing graceful shutdown. Waiting for active requests to complete
2025-02-22 17:40:37.911  INFO 20168 --- [board_fc] [tomcat-shutdown] o.s.b.w.e.tomcat.GracefulShutdown        : Graceful shutdown complete
2025-02-22 17:40:37.914  INFO 20168 --- [board_fc] [RMI TCP Connection(11)-127.0.0.1] com.zaxxer.hikari.HikariDataSource       : HikariPool-1 - Shutdown initiated...
2025-02-22 17:40:37.955  INFO 20168 --- [board_fc] [RMI TCP Connection(11)-127.0.0.1] com.zaxxer.hikari.HikariDataSource       : HikariPool-1 - Shutdown completed.
2025-02-22 17:40:39.089  INFO 21656 --- [board_fc] [restartedMain] com.pcwk.ehr.RoadFcApplication           : Starting RoadFcApplication using Java 21.0.5 with PID 21656 (D:\JAP_20240909\04_SPRING\BOOT\workspace\board_fc\bin\main started by acorn4 in D:\JAP_20240909\04_SPRING\BOOT\workspace\board_fc)
2025-02-22 17:40:39.091  INFO 21656 --- [board_fc] [restartedMain] com.pcwk.ehr.RoadFcApplication           : No active profile set, falling back to 1 default profile: "default"
2025-02-22 17:40:39.119  INFO 21656 --- [board_fc] [restartedMain] o.s.b.devtools.restart.ChangeableUrls    : The Class-Path manifest attribute in C:\Users\acorn4\.gradle\caches\modules-2\files-2.1\com.oracle.database.jdbc\ojdbc8\23.2.0.0\49acfb33ee776e43d2085e2fcc838778202a9128\ojdbc8-23.2.0.0.jar referenced one or more files that do not exist: file:/C:/Users/acorn4/.gradle/caches/modules-2/files-2.1/com.oracle.database.jdbc/ojdbc8/23.2.0.0/49acfb33ee776e43d2085e2fcc838778202a9128/oraclepki.jar
2025-02-22 17:40:39.119  INFO 21656 --- [board_fc] [restartedMain] .e.DevToolsPropertyDefaultsPostProcessor : Devtools property defaults active! Set 'spring.devtools.add-properties' to 'false' to disable
2025-02-22 17:40:39.119  INFO 21656 --- [board_fc] [restartedMain] .e.DevToolsPropertyDefaultsPostProcessor : For additional web related logging consider setting the 'logging.level.web' property to 'DEBUG'
2025-02-22 17:40:39.506  INFO 21656 --- [board_fc] [restartedMain] .s.d.r.c.RepositoryConfigurationDelegate : Bootstrapping Spring Data JDBC repositories in DEFAULT mode.
2025-02-22 17:40:39.515  INFO 21656 --- [board_fc] [restartedMain] .s.d.r.c.RepositoryConfigurationDelegate : Finished Spring Data repository scanning in 6 ms. Found 0 JDBC repository interfaces.
2025-02-22 17:40:39.842  INFO 21656 --- [board_fc] [restartedMain] o.s.b.w.embedded.tomcat.TomcatWebServer  : Tomcat initialized with port 8080 (http)
2025-02-22 17:40:39.850  INFO 21656 --- [board_fc] [restartedMain] o.apache.catalina.core.StandardService   : Starting service [Tomcat]
2025-02-22 17:40:39.851  INFO 21656 --- [board_fc] [restartedMain] o.apache.catalina.core.StandardEngine    : Starting Servlet engine: [Apache Tomcat/10.1.34]
2025-02-22 17:40:39.955  INFO 21656 --- [board_fc] [restartedMain] org.apache.jasper.servlet.TldScanner     : At least one JAR was scanned for TLDs yet contained no TLDs. Enable debug logging for this logger for a complete list of JARs that were scanned but no TLDs were found in them. Skipping unneeded JARs during scanning can improve startup time and JSP compilation time.
2025-02-22 17:40:39.959  INFO 21656 --- [board_fc] [restartedMain] o.a.c.c.C.[Tomcat].[localhost].[/]       : Initializing Spring embedded WebApplicationContext
2025-02-22 17:40:39.959  INFO 21656 --- [board_fc] [restartedMain] w.s.c.ServletWebServerApplicationContext : Root WebApplicationContext: initialization completed in 840 ms
2025-02-22 17:40:40.001  INFO 21656 --- [board_fc] [restartedMain] c.pcwk.ehr.controller.BoardController    : ┌───────────────────────────────────────┐
2025-02-22 17:40:40.002  INFO 21656 --- [board_fc] [restartedMain] c.pcwk.ehr.controller.BoardController    : │ **BoardController()**                 │
2025-02-22 17:40:40.002  INFO 21656 --- [board_fc] [restartedMain] c.pcwk.ehr.controller.BoardController    : └───────────────────────────────────────┘
2025-02-22 17:40:40.004  INFO 21656 --- [board_fc] [restartedMain] com.pcwk.ehr.service.BoardServiceImpl    : ┌───────────────────────────────────────┐
2025-02-22 17:40:40.004  INFO 21656 --- [board_fc] [restartedMain] com.pcwk.ehr.service.BoardServiceImpl    : │ **BoardServiceImpl()**                │
2025-02-22 17:40:40.005  INFO 21656 --- [board_fc] [restartedMain] com.pcwk.ehr.service.BoardServiceImpl    : └───────────────────────────────────────┘
2025-02-22 17:40:40.186  INFO 21656 --- [board_fc] [restartedMain] com.pcwk.ehr.controller.TimeController   : ┌────────────────────────┐
2025-02-22 17:40:40.186  INFO 21656 --- [board_fc] [restartedMain] com.pcwk.ehr.controller.TimeController   : │ TimeController()       │
2025-02-22 17:40:40.186  INFO 21656 --- [board_fc] [restartedMain] com.pcwk.ehr.controller.TimeController   : └────────────────────────┘
2025-02-22 17:40:40.187  INFO 21656 --- [board_fc] [restartedMain] com.pcwk.ehr.service.TimeServiceImpl     : ┌────────────────────────┐
2025-02-22 17:40:40.187  INFO 21656 --- [board_fc] [restartedMain] com.pcwk.ehr.service.TimeServiceImpl     : │ TimeServiceImpl()      │
2025-02-22 17:40:40.187  INFO 21656 --- [board_fc] [restartedMain] com.pcwk.ehr.service.TimeServiceImpl     : └────────────────────────┘
2025-02-22 17:40:40.191  INFO 21656 --- [board_fc] [restartedMain] c.p.ehr.user.controller.UserController   : ┌───────────────────────────────────────┐
2025-02-22 17:40:40.192  INFO 21656 --- [board_fc] [restartedMain] c.p.ehr.user.controller.UserController   : │ **UserController()**                  │
2025-02-22 17:40:40.192  INFO 21656 --- [board_fc] [restartedMain] c.p.ehr.user.controller.UserController   : └───────────────────────────────────────┘
2025-02-22 17:40:40.192  INFO 21656 --- [board_fc] [restartedMain] c.p.ehr.user.service.UserServiceImple    : ┌───────────────────────────────────────┐
2025-02-22 17:40:40.192  INFO 21656 --- [board_fc] [restartedMain] c.p.ehr.user.service.UserServiceImple    : │ **UserServiceImple()**                │
2025-02-22 17:40:40.192  INFO 21656 --- [board_fc] [restartedMain] c.p.ehr.user.service.UserServiceImple    : └───────────────────────────────────────┘
2025-02-22 17:40:40.231  INFO 21656 --- [board_fc] [restartedMain] o.s.b.a.w.s.WelcomePageHandlerMapping    : Adding welcome page template: index
2025-02-22 17:40:40.394  INFO 21656 --- [board_fc] [restartedMain] com.zaxxer.hikari.HikariDataSource       : HikariPool-1 - Starting...
2025-02-22 17:40:40.642  INFO 21656 --- [board_fc] [restartedMain] com.zaxxer.hikari.pool.HikariPool        : HikariPool-1 - Added connection oracle.jdbc.driver.T4CConnection@59d790f3
2025-02-22 17:40:40.644  INFO 21656 --- [board_fc] [restartedMain] com.zaxxer.hikari.HikariDataSource       : HikariPool-1 - Start completed.
2025-02-22 17:40:40.751  INFO 21656 --- [board_fc] [restartedMain] o.s.b.d.a.OptionalLiveReloadServer       : LiveReload server is running on port 35729
2025-02-22 17:40:40.770  INFO 21656 --- [board_fc] [restartedMain] o.a.c.c.C.[Tomcat].[localhost].[/]       : Initializing Spring DispatcherServlet 'dispatcherServlet'
2025-02-22 17:40:40.771  INFO 21656 --- [board_fc] [restartedMain] o.s.web.servlet.DispatcherServlet        : Initializing Servlet 'dispatcherServlet'
2025-02-22 17:40:40.771  INFO 21656 --- [board_fc] [restartedMain] o.s.web.servlet.DispatcherServlet        : Completed initialization in 0 ms
2025-02-22 17:40:40.776  INFO 21656 --- [board_fc] [restartedMain] o.s.b.w.embedded.tomcat.TomcatWebServer  : Tomcat started on port 8080 (http) with context path '/'
2025-02-22 17:40:40.783  INFO 21656 --- [board_fc] [restartedMain] com.pcwk.ehr.RoadFcApplication           : Started RoadFcApplication in 1.933 seconds (process running for 2.339)
2025-02-22 17:40:46.163  WARN 21656 --- [board_fc] [http-nio-8080-exec-1] .w.s.m.s.DefaultHandlerExceptionResolver : Resolved [org.springframework.web.HttpRequestMethodNotSupportedException: Request method 'GET' is not supported]
2025-02-22 17:41:36.240  WARN 21656 --- [board_fc] [http-nio-8080-exec-2] .w.s.m.s.DefaultHandlerExceptionResolver : Resolved [org.springframework.web.HttpRequestMethodNotSupportedException: Request method 'GET' is not supported]
2025-02-22 17:42:50.227  INFO 21656 --- [board_fc] [RMI TCP Connection(11)-127.0.0.1] inMXBeanRegistrar$SpringApplicationAdmin : Application shutdown requested.
2025-02-22 17:42:50.229  INFO 21656 --- [board_fc] [RMI TCP Connection(11)-127.0.0.1] o.s.b.w.e.tomcat.GracefulShutdown        : Commencing graceful shutdown. Waiting for active requests to complete
2025-02-22 17:42:50.240  INFO 21656 --- [board_fc] [tomcat-shutdown] o.s.b.w.e.tomcat.GracefulShutdown        : Graceful shutdown complete
2025-02-22 17:42:50.243  INFO 21656 --- [board_fc] [RMI TCP Connection(11)-127.0.0.1] com.zaxxer.hikari.HikariDataSource       : HikariPool-1 - Shutdown initiated...
2025-02-22 17:42:50.276  INFO 21656 --- [board_fc] [RMI TCP Connection(11)-127.0.0.1] com.zaxxer.hikari.HikariDataSource       : HikariPool-1 - Shutdown completed.
2025-02-22 17:42:51.385  INFO 16260 --- [board_fc] [restartedMain] com.pcwk.ehr.RoadFcApplication           : Starting RoadFcApplication using Java 21.0.5 with PID 16260 (D:\JAP_20240909\04_SPRING\BOOT\workspace\board_fc\bin\main started by acorn4 in D:\JAP_20240909\04_SPRING\BOOT\workspace\board_fc)
2025-02-22 17:42:51.387  INFO 16260 --- [board_fc] [restartedMain] com.pcwk.ehr.RoadFcApplication           : No active profile set, falling back to 1 default profile: "default"
2025-02-22 17:42:51.412  INFO 16260 --- [board_fc] [restartedMain] o.s.b.devtools.restart.ChangeableUrls    : The Class-Path manifest attribute in C:\Users\acorn4\.gradle\caches\modules-2\files-2.1\com.oracle.database.jdbc\ojdbc8\23.2.0.0\49acfb33ee776e43d2085e2fcc838778202a9128\ojdbc8-23.2.0.0.jar referenced one or more files that do not exist: file:/C:/Users/acorn4/.gradle/caches/modules-2/files-2.1/com.oracle.database.jdbc/ojdbc8/23.2.0.0/49acfb33ee776e43d2085e2fcc838778202a9128/oraclepki.jar
2025-02-22 17:42:51.412  INFO 16260 --- [board_fc] [restartedMain] .e.DevToolsPropertyDefaultsPostProcessor : Devtools property defaults active! Set 'spring.devtools.add-properties' to 'false' to disable
2025-02-22 17:42:51.412  INFO 16260 --- [board_fc] [restartedMain] .e.DevToolsPropertyDefaultsPostProcessor : For additional web related logging consider setting the 'logging.level.web' property to 'DEBUG'
2025-02-22 17:42:51.739  INFO 16260 --- [board_fc] [restartedMain] .s.d.r.c.RepositoryConfigurationDelegate : Bootstrapping Spring Data JDBC repositories in DEFAULT mode.
2025-02-22 17:42:51.747  INFO 16260 --- [board_fc] [restartedMain] .s.d.r.c.RepositoryConfigurationDelegate : Finished Spring Data repository scanning in 5 ms. Found 0 JDBC repository interfaces.
2025-02-22 17:42:52.031  INFO 16260 --- [board_fc] [restartedMain] o.s.b.w.embedded.tomcat.TomcatWebServer  : Tomcat initialized with port 8080 (http)
2025-02-22 17:42:52.040  INFO 16260 --- [board_fc] [restartedMain] o.apache.catalina.core.StandardService   : Starting service [Tomcat]
2025-02-22 17:42:52.041  INFO 16260 --- [board_fc] [restartedMain] o.apache.catalina.core.StandardEngine    : Starting Servlet engine: [Apache Tomcat/10.1.34]
2025-02-22 17:42:52.146  INFO 16260 --- [board_fc] [restartedMain] org.apache.jasper.servlet.TldScanner     : At least one JAR was scanned for TLDs yet contained no TLDs. Enable debug logging for this logger for a complete list of JARs that were scanned but no TLDs were found in them. Skipping unneeded JARs during scanning can improve startup time and JSP compilation time.
2025-02-22 17:42:52.151  INFO 16260 --- [board_fc] [restartedMain] o.a.c.c.C.[Tomcat].[localhost].[/]       : Initializing Spring embedded WebApplicationContext
2025-02-22 17:42:52.151  INFO 16260 --- [board_fc] [restartedMain] w.s.c.ServletWebServerApplicationContext : Root WebApplicationContext: initialization completed in 739 ms
2025-02-22 17:42:52.189  INFO 16260 --- [board_fc] [restartedMain] c.pcwk.ehr.controller.BoardController    : ┌───────────────────────────────────────┐
2025-02-22 17:42:52.189  INFO 16260 --- [board_fc] [restartedMain] c.pcwk.ehr.controller.BoardController    : │ **BoardController()**                 │
2025-02-22 17:42:52.189  INFO 16260 --- [board_fc] [restartedMain] c.pcwk.ehr.controller.BoardController    : └───────────────────────────────────────┘
2025-02-22 17:42:52.192  INFO 16260 --- [board_fc] [restartedMain] com.pcwk.ehr.service.BoardServiceImpl    : ┌───────────────────────────────────────┐
2025-02-22 17:42:52.192  INFO 16260 --- [board_fc] [restartedMain] com.pcwk.ehr.service.BoardServiceImpl    : │ **BoardServiceImpl()**                │
2025-02-22 17:42:52.193  INFO 16260 --- [board_fc] [restartedMain] com.pcwk.ehr.service.BoardServiceImpl    : └───────────────────────────────────────┘
2025-02-22 17:42:52.343  INFO 16260 --- [board_fc] [restartedMain] com.pcwk.ehr.controller.TimeController   : ┌────────────────────────┐
2025-02-22 17:42:52.343  INFO 16260 --- [board_fc] [restartedMain] com.pcwk.ehr.controller.TimeController   : │ TimeController()       │
2025-02-22 17:42:52.343  INFO 16260 --- [board_fc] [restartedMain] com.pcwk.ehr.controller.TimeController   : └────────────────────────┘
2025-02-22 17:42:52.344  INFO 16260 --- [board_fc] [restartedMain] com.pcwk.ehr.service.TimeServiceImpl     : ┌────────────────────────┐
2025-02-22 17:42:52.344  INFO 16260 --- [board_fc] [restartedMain] com.pcwk.ehr.service.TimeServiceImpl     : │ TimeServiceImpl()      │
2025-02-22 17:42:52.344  INFO 16260 --- [board_fc] [restartedMain] com.pcwk.ehr.service.TimeServiceImpl     : └────────────────────────┘
2025-02-22 17:42:52.349  INFO 16260 --- [board_fc] [restartedMain] c.p.ehr.user.controller.UserController   : ┌───────────────────────────────────────┐
2025-02-22 17:42:52.349  INFO 16260 --- [board_fc] [restartedMain] c.p.ehr.user.controller.UserController   : │ **UserController()**                  │
2025-02-22 17:42:52.349  INFO 16260 --- [board_fc] [restartedMain] c.p.ehr.user.controller.UserController   : └───────────────────────────────────────┘
2025-02-22 17:42:52.350  INFO 16260 --- [board_fc] [restartedMain] c.p.ehr.user.service.UserServiceImple    : ┌───────────────────────────────────────┐
2025-02-22 17:42:52.350  INFO 16260 --- [board_fc] [restartedMain] c.p.ehr.user.service.UserServiceImple    : │ **UserServiceImple()**                │
2025-02-22 17:42:52.350  INFO 16260 --- [board_fc] [restartedMain] c.p.ehr.user.service.UserServiceImple    : └───────────────────────────────────────┘
2025-02-22 17:42:52.386  INFO 16260 --- [board_fc] [restartedMain] o.s.b.a.w.s.WelcomePageHandlerMapping    : Adding welcome page template: index
2025-02-22 17:42:52.528  INFO 16260 --- [board_fc] [restartedMain] com.zaxxer.hikari.HikariDataSource       : HikariPool-1 - Starting...
2025-02-22 17:42:52.774  INFO 16260 --- [board_fc] [restartedMain] com.zaxxer.hikari.pool.HikariPool        : HikariPool-1 - Added connection oracle.jdbc.driver.T4CConnection@620e4039
2025-02-22 17:42:52.776  INFO 16260 --- [board_fc] [restartedMain] com.zaxxer.hikari.HikariDataSource       : HikariPool-1 - Start completed.
2025-02-22 17:42:52.872  INFO 16260 --- [board_fc] [restartedMain] o.s.b.d.a.OptionalLiveReloadServer       : LiveReload server is running on port 35729
2025-02-22 17:42:52.893  INFO 16260 --- [board_fc] [restartedMain] o.a.c.c.C.[Tomcat].[localhost].[/]       : Initializing Spring DispatcherServlet 'dispatcherServlet'
2025-02-22 17:42:52.893  INFO 16260 --- [board_fc] [restartedMain] o.s.web.servlet.DispatcherServlet        : Initializing Servlet 'dispatcherServlet'
2025-02-22 17:42:52.894  INFO 16260 --- [board_fc] [restartedMain] o.s.web.servlet.DispatcherServlet        : Completed initialization in 1 ms
2025-02-22 17:42:52.899  INFO 16260 --- [board_fc] [restartedMain] o.s.b.w.embedded.tomcat.TomcatWebServer  : Tomcat started on port 8080 (http) with context path '/'
2025-02-22 17:42:52.903  INFO 16260 --- [board_fc] [restartedMain] com.pcwk.ehr.RoadFcApplication           : Started RoadFcApplication in 1.735 seconds (process running for 2.112)
2025-02-22 17:43:00.819 ERROR 16260 --- [board_fc] [http-nio-8080-exec-1] o.a.c.c.C.[.[.[/].[dispatcherServlet]    : Servlet.service() for servlet [dispatcherServlet] in context with path [] threw exception [Request processing failed: java.lang.IllegalStateException: No primary or single unique constructor found for interface javax.servlet.http.HttpSession] with root cause

java.lang.IllegalStateException: No primary or single unique constructor found for interface javax.servlet.http.HttpSession
	at org.springframework.beans.BeanUtils.getResolvableConstructor(BeanUtils.java:267) ~[spring-beans-6.2.2.jar:6.2.2]
	at org.springframework.validation.DataBinder.createObject(DataBinder.java:930) ~[spring-context-6.2.2.jar:6.2.2]
	at org.springframework.validation.DataBinder.construct(DataBinder.java:909) ~[spring-context-6.2.2.jar:6.2.2]
	at org.springframework.web.bind.ServletRequestDataBinder.construct(ServletRequestDataBinder.java:116) ~[spring-web-6.2.2.jar:6.2.2]
	at org.springframework.web.servlet.mvc.method.annotation.ServletModelAttributeMethodProcessor.constructAttribute(ServletModelAttributeMethodProcessor.java:157) ~[spring-webmvc-6.2.2.jar:6.2.2]
	at org.springframework.web.method.annotation.ModelAttributeMethodProcessor.resolveArgument(ModelAttributeMethodProcessor.java:148) ~[spring-web-6.2.2.jar:6.2.2]
	at org.springframework.web.method.support.HandlerMethodArgumentResolverComposite.resolveArgument(HandlerMethodArgumentResolverComposite.java:122) ~[spring-web-6.2.2.jar:6.2.2]
	at org.springframework.web.method.support.InvocableHandlerMethod.getMethodArgumentValues(InvocableHandlerMethod.java:226) ~[spring-web-6.2.2.jar:6.2.2]
	at org.springframework.web.method.support.InvocableHandlerMethod.invokeForRequest(InvocableHandlerMethod.java:180) ~[spring-web-6.2.2.jar:6.2.2]
	at org.springframework.web.servlet.mvc.method.annotation.ServletInvocableHandlerMethod.invokeAndHandle(ServletInvocableHandlerMethod.java:118) ~[spring-webmvc-6.2.2.jar:6.2.2]
	at org.springframework.web.servlet.mvc.method.annotation.RequestMappingHandlerAdapter.invokeHandlerMethod(RequestMappingHandlerAdapter.java:986) ~[spring-webmvc-6.2.2.jar:6.2.2]
	at org.springframework.web.servlet.mvc.method.annotation.RequestMappingHandlerAdapter.handleInternal(RequestMappingHandlerAdapter.java:891) ~[spring-webmvc-6.2.2.jar:6.2.2]
	at org.springframework.web.servlet.mvc.method.AbstractHandlerMethodAdapter.handle(AbstractHandlerMethodAdapter.java:87) ~[spring-webmvc-6.2.2.jar:6.2.2]
	at org.springframework.web.servlet.DispatcherServlet.doDispatch(DispatcherServlet.java:1088) ~[spring-webmvc-6.2.2.jar:6.2.2]
	at org.springframework.web.servlet.DispatcherServlet.doService(DispatcherServlet.java:978) ~[spring-webmvc-6.2.2.jar:6.2.2]
	at org.springframework.web.servlet.FrameworkServlet.processRequest(FrameworkServlet.java:1014) ~[spring-webmvc-6.2.2.jar:6.2.2]
	at org.springframework.web.servlet.FrameworkServlet.doGet(FrameworkServlet.java:903) ~[spring-webmvc-6.2.2.jar:6.2.2]
	at jakarta.servlet.http.HttpServlet.service(HttpServlet.java:564) ~[tomcat-embed-core-10.1.34.jar:6.0]
	at org.springframework.web.servlet.FrameworkServlet.service(FrameworkServlet.java:885) ~[spring-webmvc-6.2.2.jar:6.2.2]
	at jakarta.servlet.http.HttpServlet.service(HttpServlet.java:658) ~[tomcat-embed-core-10.1.34.jar:6.0]
	at org.apache.catalina.core.ApplicationFilterChain.internalDoFilter(ApplicationFilterChain.java:195) ~[tomcat-embed-core-10.1.34.jar:10.1.34]
	at org.apache.catalina.core.ApplicationFilterChain.doFilter(ApplicationFilterChain.java:140) ~[tomcat-embed-core-10.1.34.jar:10.1.34]
	at org.apache.tomcat.websocket.server.WsFilter.doFilter(WsFilter.java:51) ~[tomcat-embed-websocket-10.1.34.jar:10.1.34]
	at org.apache.catalina.core.ApplicationFilterChain.internalDoFilter(ApplicationFilterChain.java:164) ~[tomcat-embed-core-10.1.34.jar:10.1.34]
	at org.apache.catalina.core.ApplicationFilterChain.doFilter(ApplicationFilterChain.java:140) ~[tomcat-embed-core-10.1.34.jar:10.1.34]
	at org.springframework.web.filter.RequestContextFilter.doFilterInternal(RequestContextFilter.java:100) ~[spring-web-6.2.2.jar:6.2.2]
	at org.springframework.web.filter.OncePerRequestFilter.doFilter(OncePerRequestFilter.java:116) ~[spring-web-6.2.2.jar:6.2.2]
	at org.apache.catalina.core.ApplicationFilterChain.internalDoFilter(ApplicationFilterChain.java:164) ~[tomcat-embed-core-10.1.34.jar:10.1.34]
	at org.apache.catalina.core.ApplicationFilterChain.doFilter(ApplicationFilterChain.java:140) ~[tomcat-embed-core-10.1.34.jar:10.1.34]
	at org.springframework.web.filter.FormContentFilter.doFilterInternal(FormContentFilter.java:93) ~[spring-web-6.2.2.jar:6.2.2]
	at org.springframework.web.filter.OncePerRequestFilter.doFilter(OncePerRequestFilter.java:116) ~[spring-web-6.2.2.jar:6.2.2]
	at org.apache.catalina.core.ApplicationFilterChain.internalDoFilter(ApplicationFilterChain.java:164) ~[tomcat-embed-core-10.1.34.jar:10.1.34]
	at org.apache.catalina.core.ApplicationFilterChain.doFilter(ApplicationFilterChain.java:140) ~[tomcat-embed-core-10.1.34.jar:10.1.34]
	at org.springframework.web.filter.CharacterEncodingFilter.doFilterInternal(CharacterEncodingFilter.java:201) ~[spring-web-6.2.2.jar:6.2.2]
	at org.springframework.web.filter.OncePerRequestFilter.doFilter(OncePerRequestFilter.java:116) ~[spring-web-6.2.2.jar:6.2.2]
	at org.apache.catalina.core.ApplicationFilterChain.internalDoFilter(ApplicationFilterChain.java:164) ~[tomcat-embed-core-10.1.34.jar:10.1.34]
	at org.apache.catalina.core.ApplicationFilterChain.doFilter(ApplicationFilterChain.java:140) ~[tomcat-embed-core-10.1.34.jar:10.1.34]
	at org.apache.catalina.core.StandardWrapperValve.invoke(StandardWrapperValve.java:167) ~[tomcat-embed-core-10.1.34.jar:10.1.34]
	at org.apache.catalina.core.StandardContextValve.invoke(StandardContextValve.java:90) ~[tomcat-embed-core-10.1.34.jar:10.1.34]
	at org.apache.catalina.authenticator.AuthenticatorBase.invoke(AuthenticatorBase.java:483) ~[tomcat-embed-core-10.1.34.jar:10.1.34]
	at org.apache.catalina.core.StandardHostValve.invoke(StandardHostValve.java:115) ~[tomcat-embed-core-10.1.34.jar:10.1.34]
	at org.apache.catalina.valves.ErrorReportValve.invoke(ErrorReportValve.java:93) ~[tomcat-embed-core-10.1.34.jar:10.1.34]
	at org.apache.catalina.core.StandardEngineValve.invoke(StandardEngineValve.java:74) ~[tomcat-embed-core-10.1.34.jar:10.1.34]
	at org.apache.catalina.connector.CoyoteAdapter.service(CoyoteAdapter.java:344) ~[tomcat-embed-core-10.1.34.jar:10.1.34]
	at org.apache.coyote.http11.Http11Processor.service(Http11Processor.java:397) ~[tomcat-embed-core-10.1.34.jar:10.1.34]
	at org.apache.coyote.AbstractProcessorLight.process(AbstractProcessorLight.java:63) ~[tomcat-embed-core-10.1.34.jar:10.1.34]
	at org.apache.coyote.AbstractProtocol$ConnectionHandler.process(AbstractProtocol.java:905) ~[tomcat-embed-core-10.1.34.jar:10.1.34]
	at org.apache.tomcat.util.net.NioEndpoint$SocketProcessor.doRun(NioEndpoint.java:1741) ~[tomcat-embed-core-10.1.34.jar:10.1.34]
	at org.apache.tomcat.util.net.SocketProcessorBase.run(SocketProcessorBase.java:52) ~[tomcat-embed-core-10.1.34.jar:10.1.34]
	at org.apache.tomcat.util.threads.ThreadPoolExecutor.runWorker(ThreadPoolExecutor.java:1190) ~[tomcat-embed-core-10.1.34.jar:10.1.34]
	at org.apache.tomcat.util.threads.ThreadPoolExecutor$Worker.run(ThreadPoolExecutor.java:659) ~[tomcat-embed-core-10.1.34.jar:10.1.34]
	at org.apache.tomcat.util.threads.TaskThread$WrappingRunnable.run(TaskThread.java:63) ~[tomcat-embed-core-10.1.34.jar:10.1.34]
	at java.base/java.lang.Thread.run(Thread.java:1583) ~[na:na]

2025-02-22 17:52:04.520  INFO 16260 --- [board_fc] [RMI TCP Connection(17)-127.0.0.1] inMXBeanRegistrar$SpringApplicationAdmin : Application shutdown requested.
2025-02-22 17:52:04.522  INFO 16260 --- [board_fc] [RMI TCP Connection(17)-127.0.0.1] o.s.b.w.e.tomcat.GracefulShutdown        : Commencing graceful shutdown. Waiting for active requests to complete
2025-02-22 17:52:04.536  INFO 16260 --- [board_fc] [tomcat-shutdown] o.s.b.w.e.tomcat.GracefulShutdown        : Graceful shutdown complete
2025-02-22 17:52:04.539  INFO 16260 --- [board_fc] [RMI TCP Connection(17)-127.0.0.1] com.zaxxer.hikari.HikariDataSource       : HikariPool-1 - Shutdown initiated...
2025-02-22 17:52:04.575  INFO 16260 --- [board_fc] [RMI TCP Connection(17)-127.0.0.1] com.zaxxer.hikari.HikariDataSource       : HikariPool-1 - Shutdown completed.
